Godot Engine v4.5.1.stable.official.f62fdbde1 - https://godotengine.org
TextServer: Added interface "Dummy"
TextServer: Added interface "ICU / HarfBuzz / Graphite (Built-in)"
Unrecognized output string "misc2" in mapping:
030000000d0f00000202000000000000,Horipad O Nintendo Switch 2 Controller,a:b1,b:b0,back:b8,dpdown:h0.4,dpleft:h0.8,dpright:h0.2,dpup:h0.1,guide:b12,leftshoulder:b4,leftstick:b10,lefttrigger:b6,leftx:a0,lefty:a1,misc1:b13,misc2:b14,rightshoulder:b5,rightstick:b11,righttrigger:b7,rightx:a2,righty:a3,start:b9,x:b3,y:b2,platform:Windows,
Unrecognized output string "misc2" in mapping:
030000000d0f00009601000000000000,Horipad Steam,a:b0,b:b1,back:b10,dpdown:h0.4,dpleft:h0.8,dpright:h0.2,dpup:h0.1,guide:b12,leftshoulder:b6,leftstick:b13,lefttrigger:b8,leftx:a0,lefty:a1,misc2:b2,paddle1:b5,paddle2:b15,paddle3:b18,paddle4:b19,rightshoulder:b7,rightstick:b14,righttrigger:b9,rightx:a3,righty:a4,start:b11,x:b3,y:b4,platform:Windows,
Unrecognized output string "misc2" in mapping:
030000007e0500006920000000000000,Nintendo Switch 2 Pro Controller,a:b0,b:b1,back:b14,dpdown:b8,dpleft:b10,dpright:b9,dpup:b11,guide:b16,leftshoulder:b12,leftstick:b15,lefttrigger:b13,leftx:a0,lefty:a1~,misc1:b17,misc2:b20,paddle1:b18,paddle2:b19,rightshoulder:b4,rightstick:b7,righttrigger:b5,rightx:a2,righty:a3~,start:b6,x:b2,y:b3,platform:Windows,
Native OpenGL API detected: 3.3: Intel - Intel(R) UHD Graphics
SDL: Gamepad DualSense Wireless Controller connected
SDL: Init OK!
Using "winink" pen tablet driver...
Shader 'CanvasSdfShaderGLES3' SHA256: 40c856f97ed9b9a1228861e55e1f799133f969d3b56a29ac4ea5b8f8d86aa4c9
Shader 'SkeletonShaderGLES3' SHA256: 458bf18804dd7dedab683ef2a142a670aa923aa3bd6bc6f305980593cfcdd74e
Shader 'ParticlesShaderGLES3' SHA256: 5d7d09c90aea5d02b5ed8a1c68edd5e44a19936e65a7a10ad984c9dab66926ca
Shader 'ParticlesCopyShaderGLES3' SHA256: db3fe9ed7098dcf01cd1fa9e603e39507efc9f3adac399253b686aee341601ce
Shader 'CopyShaderGLES3' SHA256: 2f17acc5e8f566725fe68c7e0f3b29ff0a57e93a5bf18f4d90c38032e8c0c768
Shader 'CubemapFilterShaderGLES3' SHA256: b93f42ba06d15e957d4ebe858f6d527c71594a647801d71c8b0fad40988f0dd5
Shader 'GlowShaderGLES3' SHA256: 8a67bc830b3148bc25fe8c6885c0733c76be79bd8871ebd2c74e221eb09d77f8
Shader 'PostShaderGLES3' SHA256: 3704a4dcc1ab2ee70c8e7b89d7329323f2472185fcd1afb266eb67e82732129e
Shader 'FeedShaderGLES3' SHA256: 2502ebb8eac6fb9ab2fef61924d3d772eaaf147dae9ac9c8cfb59d853a56af87
Shader 'CanvasShaderGLES3' SHA256: f82a42d86a0e33823a5dec3fcbe33af136ec77020abc32320d74521c366bcb0e
Shader 'CanvasOcclusionShaderGLES3' SHA256: 0525e49cebfa6e8a2e4ee725e50b44806d74cf5d17e4957358391449bbe8648d
Shader 'SceneShaderGLES3' SHA256: cc931699124cf9e75997c67a445b98ac657d946e36e523d12e007ef1a954f1b9
Shader 'SkyShaderGLES3' SHA256: 4bce99c1cb2bb53e4e7b066fe460f61037137f33c125a6e225f4a46abf2a330e
OpenGL API 3.3.0 - Build 31.0.101.2137 - Compatibility - Using Device: Intel - Intel(R) UHD Graphics
WASAPI: Activated output_device using IAudioClient3 interface
WASAPI: wFormatTag = 65534
WASAPI: nChannels = 2
WASAPI: nSamplesPerSec = 48000
WASAPI: nAvgBytesPerSec = 384000
WASAPI: nBlockAlign = 8
WASAPI: wBitsPerSample = 32
WASAPI: cbSize = 22
WASAPI: mix_rate = 48000
WASAPI: fundamental_period_frames = 480
WASAPI: min_period_frames = 480
WASAPI: max_period_frames = 480
WASAPI: selected a period frame size of 480
WASAPI: detected 2 channels
WASAPI: audio buffer frames: 480 calculated latency: 10ms

TextServer: Primary interface set to: "ICU / HarfBuzz / Graphite (Built-in)".
CORE API HASH: 937899573
EDITOR API HASH: 1777164193
SceneTreeFTI: traversal method DEFAULT
Loaded system CA certificates
Loading resource: res://test_combat.tscn
Loading resource: res://player.gd
Loading resource: res://hud.tscn
Loading resource: res://crosshair_draw.gd
Loading resource: res://bullet.tscn
Loading resource: res://bullet.gd
Loading resource: res://bullet-gunshot-impact-390253.mp3
Loading resource: res://.godot/imported/bullet-gunshot-impact-390253.mp3-4741e1ba4b9060172a1ce27a7ae875ed.mp3str
Loading resource: res://enemy_soldier.tscn
Loading resource: res://enemy_soldier.gd
Loading resource: res://soldier.fbx
Loading resource: res://.godot/imported/soldier.fbx-9cf32bb6174218ed364dbe6f5d0aefd3.scn
Loading resource: res://soldier_0.png
Loading resource: res://.godot/imported/soldier_0.png-51afaf72d3f92cdb26a79f3d96e5cc60.s3tc.ctex
Loading resource: res://soldier_2.png
Loading resource: res://.godot/imported/soldier_2.png-41c8c9d4253e88ced8eae93d86000f5b.s3tc.ctex
Loading resource: res://soldier_8.png
Loading resource: res://.godot/imported/soldier_8.png-e8cacf3d19e889b4a695c171d588d6c6.s3tc.ctex
Loading resource: res://soldier_1.png
Loading resource: res://.godot/imported/soldier_1.png-365b5cb25e94c6f843637ab660f1c76f.s3tc.ctex
Loading resource: res://soldier_3.png
Loading resource: res://.godot/imported/soldier_3.png-9fa340ab928f73002542c6f281db93f7.s3tc.ctex
Loading resource: res://soldier_9.png
Loading resource: res://.godot/imported/soldier_9.png-9933c688b25564743b0c60af31acd6d8.s3tc.ctex
Loading resource: res://plasma_rifle.mp3
Loading resource: res://.godot/imported/plasma_rifle.mp3-dbd184ee77489d3cc2801c42116d8589.mp3str
Loading resource: res://halo_-_carbine/scene.gltf
Loading resource: res://.godot/imported/scene.gltf-ded69584ac9a8096b37becd4be0cb4d7.scn
Loading resource: res://halo_-_carbine/textures/Material.001_baseColor.png
Loading resource: res://.godot/imported/Material.001_baseColor.png-b66b86fb6d90065bfe7b5035e2c13163.s3tc.ctex
Loading resource: res://halo_-_carbine/textures/Material.001_metallicRoughness.png
Loading resource: res://.godot/imported/Material.001_metallicRoughness.png-8d536c5161e23ade5bcedda571820c42.s3tc.ctex
Loading resource: res://halo_-_carbine/textures/Material.001_emissive.png
Loading resource: res://.godot/imported/Material.001_emissive.png-f49d122da1c48eee2d6fd52d772a18c2.s3tc.ctex
Loading resource: res://halo_-_carbine/textures/Material.001_normal.png
Loading resource: res://.godot/imported/Material.001_normal.png-cfaa1514523024f2deeb3daefde35291.s3tc.ctex
Loading resource: res://halo_railgun_redesigned/scene.gltf
Loading resource: res://.godot/imported/scene.gltf-ae3d6d6c2ca0da69869cbac3f3a30ce2.scn
Loading resource: res://halo_railgun_redesigned/textures/Railgun_baseColor.png
Loading resource: res://.godot/imported/Railgun_baseColor.png-17a46c79feaa3be18bc99ac93a121729.s3tc.ctex
Loading resource: res://halo_railgun_redesigned/textures/Railgun_metallicRoughness.png
Loading resource: res://.godot/imported/Railgun_metallicRoughness.png-ef2a7c27a7fc39c16b931913e1bd47eb.s3tc.ctex
Loading resource: res://halo_railgun_redesigned/textures/Railgun_emissive.png
Loading resource: res://.godot/imported/Railgun_emissive.png-527b7f7c0b62976d7c65824bee04f848.s3tc.ctex
Loading resource: res://halo_railgun_redesigned/textures/Railgun_normal.png
Loading resource: res://.godot/imported/Railgun_normal.png-769da82392a39e42394df4c6dc1dafc5.s3tc.ctex
Loading resource: res://halo_railgun_redesigned/textures/Railgun_Screen_baseColor.png
Loading resource: res://.godot/imported/Railgun_Screen_baseColor.png-f6831c419da912097d9b64591f9e49f8.s3tc.ctex
Loading resource: res://halo_railgun_redesigned/textures/Railgun_Screen_metallicRoughness.png
Loading resource: res://.godot/imported/Railgun_Screen_metallicRoughness.png-0ca54736d5bc403d8c0e7a27e3d03ec8.s3tc.ctex
Loading resource: res://halo_railgun_redesigned/textures/Railgun_Screen_emissive.png
Loading resource: res://.godot/imported/Railgun_Screen_emissive.png-8562a0675353ff76ed9be66c24a02bfb.s3tc.ctex
Loading resource: res://halo_railgun_redesigned/textures/Railgun_Screen_normal.png
Loading resource: res://.godot/imported/Railgun_Screen_normal.png-905fee56c32da0b7d8e627925b5064db.s3tc.ctex
Loading resource: res://halo_railgun_redesigned/textures/Railgun_Round_baseColor.png
Loading resource: res://.godot/imported/Railgun_Round_baseColor.png-6dbeb73b9d5ed18e10b14baa8ce8e0b8.s3tc.ctex
Loading resource: res://halo_railgun_redesigned/textures/Railgun_Round_metallicRoughness.png
Loading resource: res://.godot/imported/Railgun_Round_metallicRoughness.png-547478031f77d58ee4d3a14377583a35.s3tc.ctex
Loading resource: res://halo_railgun_redesigned/textures/Railgun_Round_normal.png
Loading resource: res://.godot/imported/Railgun_Round_normal.png-5ab4c75f753b22fc0e99a955f04c51b3.s3tc.ctex
Loading resource: res://quake railgun sound effect.mp3
Loading resource: res://.godot/imported/quake railgun sound effect.mp3-c431422ae13030dc53a82cea92923641.mp3str
Loading resource: res://fp_arms/scene.gltf
Loading resource: res://.godot/imported/scene.gltf-98bc97d7109da16f1864dc82a99f77d5.scn
Loading resource: res://fp_arms/textures/arms_baseColor.png
Loading resource: res://.godot/imported/arms_baseColor.png-f5460951a0cda7ffa50d53ff7e5a76c6.s3tc.ctex
Loading resource: res://fp_arms/textures/arms_metallicRoughness.png
Loading resource: res://.godot/imported/arms_metallicRoughness.png-12ca902a4e87f027ef9d0df9f412da02.s3tc.ctex
Loading resource: res://fp_arms/textures/arms_normal.png
Loading resource: res://.godot/imported/arms_normal.png-9d731d27a9cf199192456f6179e15803.s3tc.ctex
Loading resource: res://fp_arms_controller.gd
FPArmsController: Skeleton found with 49 bones
WARNING: Can't change the size of a `SubViewport` with a `SubViewportContainer` parent that has `stretch` enabled. Set `SubViewportContainer.stretch` to `false` to allow changing the size manually.
   at: _internal_set_size (scene/main/viewport.cpp:5417)
   GDScript backtrace (most recent call first):
       [0] _ready (res://player.gd:116)
Loading resource: res://halo_-_carbine/scene.gltf
Loading resource: res://.godot/imported/scene.gltf-ded69584ac9a8096b37becd4be0cb4d7.scn
Loading resource: res://shooter animation/rifle aiming idle.fbx
Loading resource: res://.godot/imported/rifle aiming idle.fbx-c6dcb9011911aea7941342f288076bc4.res
Loading resource: res://shooter animation/walking.fbx
Loading resource: res://.godot/imported/walking.fbx-a7bf949ab81c79a13863a3ad7b7cac31.res
Loading resource: res://shooter animation/rifle run.fbx
Loading resource: res://.godot/imported/rifle run.fbx-2ad1b33204561d08f2ed07a338ece453.res
Loading resource: res://shooter animation/hit reaction.fbx
Loading resource: res://.godot/imported/hit reaction.fbx-351b3adf664d6a14db13dbd3abe1f73a.res
Loading resource: res://shooter animation/firing rifle.fbx
Loading resource: res://.godot/imported/firing rifle.fbx-213cef818547265bf406b761d89dcf53.res
Loading resource: res://shooter animation/reloading.fbx
Loading resource: res://.godot/imported/reloading.fbx-9ff329fabbdb33a4a09caabe676607dc.scn
Loading resource: res://shooter animation/strafe right.fbx
Loading resource: res://.godot/imported/strafe right.fbx-d1eaf0efea9ac1b8ebd649153ca57b1a.scn
Loading resource: res://shooter animation/strafe left.fbx
Loading resource: res://.godot/imported/strafe left.fbx-2bac5f524bf217d3deaab3cb4d526a20.scn
RightHand bone basis — X:(0.18481, 0.30569, 0.934023) Y:(-0.941896, -0.21616, 0.257114) Z:(0.280495, -0.927269, 0.24798)
